2021-01-27 22:00:23,266 - instabot version: 0.117.0 (bot) - INFO - Instabot version: 0.117.0 Started
2021-01-27 22:00:23,266 - instabot version: 0.117.0 (bot) - DEBUG - Bot imported from C:\Users\timON\AppData\Local\Programs\Python\Python37\lib\site-packages\instabot\bot\bot.py
2021-01-27 22:00:23,301 - instabot version: 0.117.0 (api_login) - DEBUG - Loading cookies
2021-01-27 22:00:23,302 - instabot version: 0.117.0 (api_login) - DEBUG - Loading uuids
2021-01-27 22:00:23,302 - instabot version: 0.117.0 (api_login) - INFO - Recovery from C:\Users\timON\Documents\PycharmProjects\uploading_photos_to_instagram/config/first_nick36_uuid_and_cookie.json: COOKIE True - UUIDs True - TIMING, DEVICE and ...
- user-agent=Instagram 117.0.0.28.123 Android (28/9.0; 420dpi; 1080x1920; OnePlus; ONEPLUS A3003; OnePlus3; qcom; en_US; 180322800)
- phone_id=e25f897b-9e0e-4b7f-9c6a-e52e5df99e66
- uuid=942a5c7a-b443-4ed9-ab94-0fee7a3efb3c
- client_session_id=9018f22c-78a9-4b45-9227-a1d9023d057d
- device_id=android-cf31397f73a3d0ab
2021-01-27 22:00:23,303 - instabot version: 0.117.0 (api_login) - INFO - LOGIN FLOW! Just logged-in: False
2021-01-27 22:00:31,458 - instabot version: 0.117.0 (api) - DEBUG - POST to endpoint: feed/timeline/ returned response: <Response [200]>
2021-01-27 22:00:31,884 - instabot version: 0.117.0 (api) - DEBUG - POST to endpoint: feed/reels_tray/ returned response: <Response [200]>
2021-01-27 22:00:32,307 - instabot version: 0.117.0 (api) - DEBUG - POST to endpoint: direct_v2/ranked_recipients/ returned response: <Response [200]>
2021-01-27 22:00:32,552 - instabot version: 0.117.0 (api) - DEBUG - POST to endpoint: direct_v2/ranked_recipients/ returned response: <Response [200]>
2021-01-27 22:00:32,885 - instabot version: 0.117.0 (api) - DEBUG - POST to endpoint: direct_v2/inbox/ returned response: <Response [200]>
2021-01-27 22:00:33,420 - instabot version: 0.117.0 (api) - DEBUG - GET to endpoint: direct_v2/get_presence/ returned response: <Response [200]>
2021-01-27 22:00:33,895 - instabot version: 0.117.0 (api) - DEBUG - GET to endpoint: news/inbox/?limited_activity=true&show_su=true returned response: <Response [200]>
2021-01-27 22:00:34,138 - instabot version: 0.117.0 (api) - DEBUG - GET to endpoint: users/profile_notice/ returned response: <Response [200]>
2021-01-27 22:00:35,068 - instabot version: 0.117.0 (api) - DEBUG - POST to endpoint: discover/explore/ returned response: <Response [200]>
2021-01-27 22:00:35,070 - instabot version: 0.117.0 (api) - INFO - Logged-in successfully as 'first_nick36'!
2021-01-27 22:00:35,071 - instabot version: 0.117.0 (bot_checkpoint) - DEBUG - Loading Checkpoint file from: C:\Users\timON\Documents\PycharmProjects\uploading_photos_to_instagram/config/first_nick36.checkpoint
