2021-01-23 20:56:58,035 - instabot version: 0.117.0 (bot) - INFO - Instabot version: 0.117.0 Started
2021-01-23 20:56:58,035 - instabot version: 0.117.0 (bot) - DEBUG - Bot imported from C:\Users\timON\AppData\Local\Programs\Python\Python37\lib\site-packages\instabot\bot\bot.py
2021-01-23 20:56:58,097 - instabot version: 0.117.0 (api_login) - DEBUG - Loading cookies
2021-01-23 20:56:58,097 - instabot version: 0.117.0 (api_login) - DEBUG - Loading uuids
2021-01-23 20:56:58,097 - instabot version: 0.117.0 (api_login) - INFO - Recovery from C:\Users\timON\Documents\PycharmProjects\uploading_photos_to_instagram/config/first_nick36_uuid_and_cookie.json: COOKIE True - UUIDs True - TIMING, DEVICE and ...
- user-agent=Instagram 117.0.0.28.123 Android (28/9.0; 420dpi; 1080x1920; OnePlus; ONEPLUS A3003; OnePlus3; qcom; en_US; 180322800)
- phone_id=e25f897b-9e0e-4b7f-9c6a-e52e5df99e66
- uuid=942a5c7a-b443-4ed9-ab94-0fee7a3efb3c
- client_session_id=d6811749-4b29-49fd-933d-1064efc1f621
- device_id=android-cf31397f73a3d0ab
2021-01-23 20:56:58,097 - instabot version: 0.117.0 (api_login) - INFO - LOGIN FLOW! Just logged-in: False
2021-01-23 20:56:59,365 - instabot version: 0.117.0 (api) - DEBUG - POST to endpoint: feed/timeline/ returned response: <Response [200]>
2021-01-23 20:56:59,756 - instabot version: 0.117.0 (api) - DEBUG - POST to endpoint: feed/reels_tray/ returned response: <Response [200]>
2021-01-23 20:57:00,062 - instabot version: 0.117.0 (api) - DEBUG - POST to endpoint: direct_v2/ranked_recipients/ returned response: <Response [200]>
2021-01-23 20:57:00,380 - instabot version: 0.117.0 (api) - DEBUG - POST to endpoint: direct_v2/ranked_recipients/ returned response: <Response [200]>
2021-01-23 20:57:00,712 - instabot version: 0.117.0 (api) - DEBUG - POST to endpoint: direct_v2/inbox/ returned response: <Response [200]>
2021-01-23 20:57:00,994 - instabot version: 0.117.0 (api) - DEBUG - GET to endpoint: direct_v2/get_presence/ returned response: <Response [200]>
2021-01-23 20:57:01,424 - instabot version: 0.117.0 (api) - DEBUG - GET to endpoint: news/inbox/?limited_activity=true&show_su=true returned response: <Response [200]>
2021-01-23 20:57:01,682 - instabot version: 0.117.0 (api) - DEBUG - GET to endpoint: users/profile_notice/ returned response: <Response [200]>
2021-01-23 20:57:01,993 - instabot version: 0.117.0 (api) - DEBUG - POST to endpoint: discover/explore/ returned response: <Response [200]>
2021-01-23 20:57:01,996 - instabot version: 0.117.0 (api) - INFO - Logged-in successfully as 'first_nick36'!
2021-01-23 20:57:01,997 - instabot version: 0.117.0 (bot_checkpoint) - DEBUG - Loading Checkpoint file from: C:\Users\timON\Documents\PycharmProjects\uploading_photos_to_instagram/config/first_nick36.checkpoint
2021-01-23 20:57:24,333 - instabot version: 0.117.0 (api) - DEBUG - POST to endpoint: media/configure/? returned response: <Response [200]>
2021-01-23 20:57:24,594 - instabot version: 0.117.0 (api) - DEBUG - POST to endpoint: qe/expose/ returned response: <Response [200]>
2021-01-23 20:57:24,595 - instabot version: 0.117.0 (bot_photo) - INFO - Photo './instagram_images\1-4521-resize.jpg' is uploaded.
2021-01-23 20:57:49,157 - instabot version: 0.117.0 (api) - DEBUG - POST to endpoint: media/configure/? returned response: <Response [200]>
2021-01-23 20:57:49,416 - instabot version: 0.117.0 (api) - DEBUG - POST to endpoint: qe/expose/ returned response: <Response [200]>
2021-01-23 20:57:49,417 - instabot version: 0.117.0 (bot_photo) - INFO - Photo './instagram_images\2-spacex0-resize.jpg' is uploaded.
2021-01-23 20:58:24,199 - instabot version: 0.117.0 (api) - DEBUG - POST to endpoint: media/configure/? returned response: <Response [200]>
2021-01-23 20:58:24,708 - instabot version: 0.117.0 (api) - DEBUG - POST to endpoint: qe/expose/ returned response: <Response [200]>
2021-01-23 20:58:24,709 - instabot version: 0.117.0 (bot_photo) - INFO - Photo './instagram_images\3-spacex1-resize.jpg' is uploaded.
2021-01-23 20:58:51,715 - instabot version: 0.117.0 (api) - DEBUG - POST to endpoint: media/configure/? returned response: <Response [200]>
2021-01-23 20:58:51,971 - instabot version: 0.117.0 (api) - DEBUG - POST to endpoint: qe/expose/ returned response: <Response [200]>
2021-01-23 20:58:51,972 - instabot version: 0.117.0 (bot_photo) - INFO - Photo './instagram_images\4-spacex2-resize.jpg' is uploaded.
2021-01-23 20:59:20,696 - instabot version: 0.117.0 (api) - DEBUG - POST to endpoint: media/configure/? returned response: <Response [200]>
2021-01-23 20:59:21,485 - instabot version: 0.117.0 (api) - DEBUG - POST to endpoint: qe/expose/ returned response: <Response [200]>
2021-01-23 20:59:21,486 - instabot version: 0.117.0 (bot_photo) - INFO - Photo './instagram_images\5-spacex3-resize.jpg' is uploaded.
2021-01-23 20:59:48,903 - instabot version: 0.117.0 (api) - DEBUG - POST to endpoint: media/configure/? returned response: <Response [200]>
2021-01-23 20:59:50,296 - instabot version: 0.117.0 (api) - DEBUG - POST to endpoint: qe/expose/ returned response: <Response [200]>
2021-01-23 20:59:50,297 - instabot version: 0.117.0 (bot_photo) - INFO - Photo './instagram_images\6-spacex4-resize.jpg' is uploaded.
2021-01-23 21:00:28,706 - instabot version: 0.117.0 (api) - DEBUG - POST to endpoint: media/configure/? returned response: <Response [200]>
2021-01-23 21:00:29,258 - instabot version: 0.117.0 (api) - DEBUG - POST to endpoint: qe/expose/ returned response: <Response [200]>
2021-01-23 21:00:29,259 - instabot version: 0.117.0 (bot_photo) - INFO - Photo './instagram_images\7-spacex5-resize.jpg' is uploaded.
